<?xml version="1.0" encoding="UTF-8"?>
<!-- Generated by org.testng.reporters.JUnitXMLReporter -->
<testsuite hostname="ECS-22f0b910" name="Default test" tests="2" failures="0" timestamp="7 Sep 2016 10:36:36 GMT" time="7.711" errors="0">
  <testcase name="JenkinsTestErrLogin" time="5.449" classname="com.jh.seleniumpom.testcases.JenkinsTestLogin"/>
  <testcase name="JenkinsTestMapuserLogin" time="2.124" classname="com.jh.seleniumpom.testcases.JenkinsTestLogin"/>
</testsuite> <!-- Default test -->
